\BOOKMARK [0][-]{chapter*.4}{List of Figures}{}% 1
\BOOKMARK [0][-]{chapter*.5}{List of Figures}{}% 2
\BOOKMARK [0][-]{chapter*.5}{List of Tables}{}% 3
\BOOKMARK [0][-]{chapter*.6}{List of Tables}{}% 4
\BOOKMARK [0][-]{chapter.1}{Introduction}{}% 5
\BOOKMARK [1][-]{section.1.1}{Background}{chapter.1}% 6
\BOOKMARK [1][-]{section.1.2}{Aim}{chapter.1}% 7
\BOOKMARK [1][-]{section.1.3}{Limitations senare}{chapter.1}% 8
\BOOKMARK [1][-]{section.1.4}{Tempor\344r information}{chapter.1}% 9
\BOOKMARK [0][-]{chapter.2}{Computer Vision}{}% 10
\BOOKMARK [1][-]{section.2.1}{Image}{chapter.2}% 11
\BOOKMARK [1][-]{section.2.2}{Computer Vision}{chapter.2}% 12
\BOOKMARK [1][-]{section.2.3}{Images}{chapter.2}% 13
\BOOKMARK [2][-]{subsection.2.3.1}{Information in images}{section.2.3}% 14
\BOOKMARK [3][-]{subsubsection.2.3.1.1}{Color arithmetics}{subsection.2.3.1}% 15
\BOOKMARK [3][-]{subsubsection.2.3.1.2}{Color spaces}{subsection.2.3.1}% 16
\BOOKMARK [4][-]{paragraph.2.3.1.2.1}{RGB}{subsubsection.2.3.1.2}% 17
\BOOKMARK [3][-]{subsubsection.2.3.1.3}{Layers of information}{subsection.2.3.1}% 18
\BOOKMARK [1][-]{section.2.4}{Image segmentation}{chapter.2}% 19
\BOOKMARK [2][-]{subsection.2.4.1}{Histogram-based thresholding}{section.2.4}% 20
\BOOKMARK [0][-]{chapter.3}{Machine Learning}{}% 21
\BOOKMARK [1][-]{section.3.1}{Machine Learning}{chapter.3}% 22
\BOOKMARK [2][-]{subsection.3.1.1}{Supervised learning}{section.3.1}% 23
\BOOKMARK [2][-]{subsection.3.1.2}{Reinforced learning}{section.3.1}% 24
\BOOKMARK [2][-]{subsection.3.1.3}{Unsipervised learning}{section.3.1}% 25
\BOOKMARK [2][-]{subsection.3.1.4}{Quadratic Discriminant Analysis}{section.3.1}% 26
\BOOKMARK [0][-]{chapter.4}{Information Extraction}{}% 27
\BOOKMARK [1][-]{section.4.1}{Descriptive Object Features}{chapter.4}% 28
\BOOKMARK [2][-]{subsection.4.1.1}{Size dependent features}{section.4.1}% 29
\BOOKMARK [3][-]{subsubsection.4.1.1.1}{Area}{subsection.4.1.1}% 30
\BOOKMARK [3][-]{subsubsection.4.1.1.2}{Perimeter}{subsection.4.1.1}% 31
\BOOKMARK [3][-]{subsubsection.4.1.1.3}{ConvexHUll}{subsection.4.1.1}% 32
\BOOKMARK [3][-]{subsubsection.4.1.1.4}{ConvexHullPerimeter}{subsection.4.1.1}% 33
\BOOKMARK [3][-]{subsubsection.4.1.1.5}{Thickness}{subsection.4.1.1}% 34
\BOOKMARK [2][-]{subsection.4.1.2}{Size independent features}{section.4.1}% 35
\BOOKMARK [3][-]{subsubsection.4.1.2.1}{Mean Color}{subsection.4.1.2}% 36
\BOOKMARK [3][-]{subsubsection.4.1.2.2}{Standard devisation color}{subsection.4.1.2}% 37
\BOOKMARK [3][-]{subsubsection.4.1.2.3}{Area moments}{subsection.4.1.2}% 38
\BOOKMARK [3][-]{subsubsection.4.1.2.4}{area perimterer}{subsection.4.1.2}% 39
\BOOKMARK [3][-]{subsubsection.4.1.2.5}{formfactor}{subsection.4.1.2}% 40
\BOOKMARK [3][-]{subsubsection.4.1.2.6}{Elognatedness}{subsection.4.1.2}% 41
\BOOKMARK [3][-]{subsubsection.4.1.2.7}{convexities}{subsection.4.1.2}% 42
\BOOKMARK [3][-]{subsubsection.4.1.2.8}{solidities}{subsection.4.1.2}% 43
\BOOKMARK [0][-]{chapter.5}{Methods}{}% 44
\BOOKMARK [1][-]{section.5.1}{Method}{chapter.5}% 45
\BOOKMARK [1][-]{section.5.2}{}{chapter.5}% 46
\BOOKMARK [0][-]{chapter.6}{Results}{}% 47
\BOOKMARK [1][-]{section.6.1}{Method}{chapter.6}% 48
\BOOKMARK [1][-]{section.6.2}{}{chapter.6}% 49
\BOOKMARK [1][-]{section.6.3}{}{chapter.6}% 50
\BOOKMARK [1][-]{section.6.4}{Segmentation}{chapter.6}% 51
\BOOKMARK [1][-]{section.6.5}{Results from quadratic discrimination}{chapter.6}% 52
\BOOKMARK [1][-]{section.6.6}{Results from using Neural Networks}{chapter.6}% 53
\BOOKMARK [0][-]{chapter.7}{Discussion}{}% 54
\BOOKMARK [1][-]{section.7.1}{}{chapter.7}% 55
\BOOKMARK [2][-]{subsection.7.1.1}{}{section.7.1}% 56
\BOOKMARK [0][-]{chapter.8}{Conclusion}{}% 57
\BOOKMARK [1][-]{section.8.1}{}{chapter.8}% 58
\BOOKMARK [0][-]{section.8.1}{Bibliography}{}% 59
\BOOKMARK [0][-]{appendix.A}{Convolutions}{}% 60
\BOOKMARK [1][-]{section.A.1}{adnd also a dummy section }{appendix.A}% 61
\BOOKMARK [2][-]{subsection.A.1.1}{with a dummy subsection}{section.A.1}% 62
\BOOKMARK [3][-]{subsubsection.A.1.1.1}{with yet another dummy layer}{subsection.A.1.1}% 63
\BOOKMARK [0][-]{app